C:\USERS\JOHN\APPDATA\LOCAL\TEMP\PS3PPULD100482\GTA
C:\USERS\JOHN\APPDATA\LOCAL\TEMP\PS3PPULD100482\LIB.ENT.O
C:\USERS\JOHN\APPDATA\LOCAL\TEMP\PS3PPULD103642\GTA
C:\USERS\JOHN\APPDATA\LOCAL\TEMP\PS3PPULD103642\LIB.ENT.O
C:\USERS\JOHN\APPDATA\LOCAL\TEMP\PS3PPULD105322\GTA
C:\USERS\JOHN\APPDATA\LOCAL\TEMP\PS3PPULD105322\LIB.ENT.O
C:\USERS\JOHN\APPDATA\LOCAL\TEMP\PS3PPULD112082\GTA
C:\USERS\JOHN\APPDATA\LOCAL\TEMP\PS3PPULD112082\LIB.ENT.O
C:\USERS\JOHN\APPDATA\LOCAL\TEMP\PS3PPULD114802\GTA
C:\USERS\JOHN\APPDATA\LOCAL\TEMP\PS3PPULD114802\LIB.ENT.O
C:\USERS\JOHN\APPDATA\LOCAL\TEMP\PS3PPULD126882\GTA
C:\USERS\JOHN\APPDATA\LOCAL\TEMP\PS3PPULD126882\LIB.ENT.O
C:\USERS\JOHN\APPDATA\LOCAL\TEMP\PS3PPULD130802\GTA
C:\USERS\JOHN\APPDATA\LOCAL\TEMP\PS3PPULD130802\LIB.ENT.O
C:\USERS\JOHN\APPDATA\LOCAL\TEMP\PS3PPULD133042\GTA
C:\USERS\JOHN\APPDATA\LOCAL\TEMP\PS3PPULD133042\LIB.ENT.O
C:\USERS\JOHN\APPDATA\LOCAL\TEMP\PS3PPULD138922\GTA
C:\USERS\JOHN\APPDATA\LOCAL\TEMP\PS3PPULD138922\LIB.ENT.O
C:\USERS\JOHN\APPDATA\LOCAL\TEMP\PS3PPULD154762\GTA
C:\USERS\JOHN\APPDATA\LOCAL\TEMP\PS3PPULD154762\LIB.ENT.O
C:\USERS\JOHN\APPDATA\LOCAL\TEMP\PS3PPULD162722\GTA
C:\USERS\JOHN\APPDATA\LOCAL\TEMP\PS3PPULD162722\LIB.ENT.O
C:\USERS\JOHN\APPDATA\LOCAL\TEMP\PS3PPULD164082\GTA
C:\USERS\JOHN\APPDATA\LOCAL\TEMP\PS3PPULD164082\LIB.ENT.O
C:\USERS\JOHN\APPDATA\LOCAL\TEMP\PS3PPULD165402\GTA
C:\USERS\JOHN\APPDATA\LOCAL\TEMP\PS3PPULD165402\LIB.ENT.O
C:\USERS\JOHN\APPDATA\LOCAL\TEMP\PS3PPULD167202\GTA
C:\USERS\JOHN\APPDATA\LOCAL\TEMP\PS3PPULD167202\LIB.ENT.O
C:\USERS\JOHN\APPDATA\LOCAL\TEMP\PS3PPULD168322\GTA
C:\USERS\JOHN\APPDATA\LOCAL\TEMP\PS3PPULD168322\LIB.ENT.O
C:\USERS\JOHN\APPDATA\LOCAL\TEMP\PS3PPULD17642\GTA
C:\USERS\JOHN\APPDATA\LOCAL\TEMP\PS3PPULD17642\LIB.ENT.O
C:\USERS\JOHN\APPDATA\LOCAL\TEMP\PS3PPULD177362\GTA
C:\USERS\JOHN\APPDATA\LOCAL\TEMP\PS3PPULD177362\LIB.ENT.O
C:\USERS\JOHN\APPDATA\LOCAL\TEMP\PS3PPULD188642\GTA
C:\USERS\JOHN\APPDATA\LOCAL\TEMP\PS3PPULD188642\LIB.ENT.O
C:\USERS\JOHN\APPDATA\LOCAL\TEMP\PS3PPULD189042\GTA
C:\USERS\JOHN\APPDATA\LOCAL\TEMP\PS3PPULD189042\LIB.ENT.O
C:\USERS\JOHN\APPDATA\LOCAL\TEMP\PS3PPULD190642\GTA
C:\USERS\JOHN\APPDATA\LOCAL\TEMP\PS3PPULD190642\LIB.ENT.O
C:\USERS\JOHN\APPDATA\LOCAL\TEMP\PS3PPULD197762\GTA
C:\USERS\JOHN\APPDATA\LOCAL\TEMP\PS3PPULD197762\LIB.ENT.O
C:\USERS\JOHN\APPDATA\LOCAL\TEMP\PS3PPULD200522\GTA
C:\USERS\JOHN\APPDATA\LOCAL\TEMP\PS3PPULD200522\LIB.ENT.O
C:\USERS\JOHN\APPDATA\LOCAL\TEMP\PS3PPULD208642\GTA
C:\USERS\JOHN\APPDATA\LOCAL\TEMP\PS3PPULD208642\LIB.ENT.O
C:\USERS\JOHN\APPDATA\LOCAL\TEMP\PS3PPULD215322\GTA
C:\USERS\JOHN\APPDATA\LOCAL\TEMP\PS3PPULD215322\LIB.ENT.O
C:\USERS\JOHN\APPDATA\LOCAL\TEMP\PS3PPULD218962\GTA
C:\USERS\JOHN\APPDATA\LOCAL\TEMP\PS3PPULD218962\LIB.ENT.O
C:\USERS\JOHN\APPDATA\LOCAL\TEMP\PS3PPULD22082\GTA
C:\USERS\JOHN\APPDATA\LOCAL\TEMP\PS3PPULD22082\LIB.ENT.O
C:\USERS\JOHN\APPDATA\LOCAL\TEMP\PS3PPULD22242\GTA
C:\USERS\JOHN\APPDATA\LOCAL\TEMP\PS3PPULD22242\LIB.ENT.O
C:\USERS\JOHN\APPDATA\LOCAL\TEMP\PS3PPULD233802\GTA
C:\USERS\JOHN\APPDATA\LOCAL\TEMP\PS3PPULD233802\LIB.ENT.O
C:\USERS\JOHN\APPDATA\LOCAL\TEMP\PS3PPULD241882\GTA
C:\USERS\JOHN\APPDATA\LOCAL\TEMP\PS3PPULD241882\LIB.ENT.O
C:\USERS\JOHN\APPDATA\LOCAL\TEMP\PS3PPULD24602\GTA
C:\USERS\JOHN\APPDATA\LOCAL\TEMP\PS3PPULD24602\LIB.ENT.O
C:\USERS\JOHN\APPDATA\LOCAL\TEMP\PS3PPULD248482\GTA
C:\USERS\JOHN\APPDATA\LOCAL\TEMP\PS3PPULD248482\LIB.ENT.O
C:\USERS\JOHN\APPDATA\LOCAL\TEMP\PS3PPULD251642\GTA
C:\USERS\JOHN\APPDATA\LOCAL\TEMP\PS3PPULD251642\LIB.ENT.O
C:\USERS\JOHN\APPDATA\LOCAL\TEMP\PS3PPULD264522\GTA
C:\USERS\JOHN\APPDATA\LOCAL\TEMP\PS3PPULD264522\LIB.ENT.O
C:\USERS\JOHN\APPDATA\LOCAL\TEMP\PS3PPULD36842\GTA
C:\USERS\JOHN\APPDATA\LOCAL\TEMP\PS3PPULD36842\LIB.ENT.O
C:\USERS\JOHN\APPDATA\LOCAL\TEMP\PS3PPULD45322\GTA
C:\USERS\JOHN\APPDATA\LOCAL\TEMP\PS3PPULD45322\LIB.ENT.O
C:\USERS\JOHN\APPDATA\LOCAL\TEMP\PS3PPULD57922\GTA
C:\USERS\JOHN\APPDATA\LOCAL\TEMP\PS3PPULD57922\LIB.ENT.O
C:\USERS\JOHN\APPDATA\LOCAL\TEMP\PS3PPULD60202\GTA
C:\USERS\JOHN\APPDATA\LOCAL\TEMP\PS3PPULD60202\LIB.ENT.O
C:\USERS\JOHN\APPDATA\LOCAL\TEMP\PS3PPULD61802\GTA
C:\USERS\JOHN\APPDATA\LOCAL\TEMP\PS3PPULD61802\LIB.ENT.O
C:\USERS\JOHN\APPDATA\LOCAL\TEMP\PS3PPULD64362\GTA
C:\USERS\JOHN\APPDATA\LOCAL\TEMP\PS3PPULD64362\LIB.ENT.O
C:\USERS\JOHN\APPDATA\LOCAL\TEMP\PS3PPULD68322\GTA
C:\USERS\JOHN\APPDATA\LOCAL\TEMP\PS3PPULD68322\LIB.ENT.O
C:\USERS\JOHN\APPDATA\LOCAL\TEMP\PS3PPULD74042\GTA
C:\USERS\JOHN\APPDATA\LOCAL\TEMP\PS3PPULD74042\LIB.ENT.O
C:\USERS\JOHN\APPDATA\LOCAL\TEMP\PS3PPULD86282\GTA
C:\USERS\JOHN\APPDATA\LOCAL\TEMP\PS3PPULD86282\LIB.ENT.O
C:\USERS\JOHN\APPDATA\LOCAL\TEMP\PS3PPULD94802\GTA
C:\USERS\JOHN\APPDATA\LOCAL\TEMP\PS3PPULD94802\LIB.ENT.O
C:\USERS\JOHN\APPDATA\LOCAL\TEMP\PS3PPULD94922\GTA
C:\USERS\JOHN\APPDATA\LOCAL\TEMP\PS3PPULD94922\LIB.ENT.O
C:\USERS\JOHN\DOCUMENTS\VISUAL STUDIO 2015\PROJECTS\GTA_MENU\GTA_MENU\PS3_DEBUG\BUTTONS.O
C:\USERS\JOHN\DOCUMENTS\VISUAL STUDIO 2015\PROJECTS\GTA_MENU\GTA_MENU\PS3_DEBUG\COLORS.O
C:\USERS\JOHN\DOCUMENTS\VISUAL STUDIO 2015\PROJECTS\GTA_MENU\GTA_MENU\PS3_DEBUG\FUNCTIONS.O
C:\Users\John\Documents\Visual Studio 2015\Projects\GTA_Menu\GTA_Menu\PS3_Debug\GTA_Menu.write.1.tlog
C:\USERS\JOHN\DOCUMENTS\VISUAL STUDIO 2015\PROJECTS\GTA_MENU\GTA_MENU\PS3_DEBUG\HUDS.O
C:\USERS\JOHN\DOCUMENTS\VISUAL STUDIO 2015\PROJECTS\GTA_MENU\GTA_MENU\PS3_DEBUG\INVOKER.O
C:\USERS\JOHN\DOCUMENTS\VISUAL STUDIO 2015\PROJECTS\GTA_MENU\GTA_MENU\PS3_DEBUG\MENU.O
C:\USERS\JOHN\DOCUMENTS\VISUAL STUDIO 2015\PROJECTS\GTA_MENU\GTA_MENU\PS3_DEBUG\MTABLE.O
C:\USERS\JOHN\DOCUMENTS\VISUAL STUDIO 2015\PROJECTS\GTA_MENU\GTA_MENU\PS3_DEBUG\NATIVES.O
C:\USERS\JOHN\DOCUMENTS\VISUAL STUDIO 2015\PROJECTS\GTA_MENU\GTA_MENU\PS3_DEBUG\PRX.O
C:\Users\John\Documents\Visual Studio 2015\Projects\GTA_Menu\GTA_Menu\PS3_Debug\ps3ppuld.10736.read.1.tlog
C:\Users\John\Documents\Visual Studio 2015\Projects\GTA_Menu\GTA_Menu\PS3_Debug\ps3ppuld.10736.write.1.tlog
C:\Users\John\Documents\Visual Studio 2015\Projects\GTA_Menu\GTA_Menu\PS3_Debug\ps3ppuld.11404.read.1.tlog
C:\Users\John\Documents\Visual Studio 2015\Projects\GTA_Menu\GTA_Menu\PS3_Debug\ps3ppuld.11404.write.1.tlog
C:\Users\John\Documents\Visual Studio 2015\Projects\GTA_Menu\GTA_Menu\PS3_Debug\ps3ppuld.11492.read.1.tlog
C:\Users\John\Documents\Visual Studio 2015\Projects\GTA_Menu\GTA_Menu\PS3_Debug\ps3ppuld.11492.write.1.tlog
C:\Users\John\Documents\Visual Studio 2015\Projects\GTA_Menu\GTA_Menu\PS3_Debug\ps3ppuld.11720.read.1.tlog
C:\Users\John\Documents\Visual Studio 2015\Projects\GTA_Menu\GTA_Menu\PS3_Debug\ps3ppuld.11720.write.1.tlog
C:\Users\John\Documents\Visual Studio 2015\Projects\GTA_Menu\GTA_Menu\PS3_Debug\ps3ppuld.1184.read.1.tlog
C:\Users\John\Documents\Visual Studio 2015\Projects\GTA_Menu\GTA_Menu\PS3_Debug\ps3ppuld.1184.write.1.tlog
C:\Users\John\Documents\Visual Studio 2015\Projects\GTA_Menu\GTA_Menu\PS3_Debug\ps3ppuld.12460.read.1.tlog
C:\Users\John\Documents\Visual Studio 2015\Projects\GTA_Menu\GTA_Menu\PS3_Debug\ps3ppuld.12460.write.1.tlog
C:\Users\John\Documents\Visual Studio 2015\Projects\GTA_Menu\GTA_Menu\PS3_Debug\ps3ppuld.12768.read.1.tlog
C:\Users\John\Documents\Visual Studio 2015\Projects\GTA_Menu\GTA_Menu\PS3_Debug\ps3ppuld.12768.write.1.tlog
C:\Users\John\Documents\Visual Studio 2015\Projects\GTA_Menu\GTA_Menu\PS3_Debug\ps3ppuld.13016.read.1.tlog
C:\Users\John\Documents\Visual Studio 2015\Projects\GTA_Menu\GTA_Menu\PS3_Debug\ps3ppuld.13016.write.1.tlog
C:\Users\John\Documents\Visual Studio 2015\Projects\GTA_Menu\GTA_Menu\PS3_Debug\ps3ppuld.13968.read.1.tlog
C:\Users\John\Documents\Visual Studio 2015\Projects\GTA_Menu\GTA_Menu\PS3_Debug\ps3ppuld.13968.write.1.tlog
C:\Users\John\Documents\Visual Studio 2015\Projects\GTA_Menu\GTA_Menu\PS3_Debug\ps3ppuld.14568.read.1.tlog
C:\Users\John\Documents\Visual Studio 2015\Projects\GTA_Menu\GTA_Menu\PS3_Debug\ps3ppuld.14568.write.1.tlog
C:\Users\John\Documents\Visual Studio 2015\Projects\GTA_Menu\GTA_Menu\PS3_Debug\ps3ppuld.15012.read.1.tlog
C:\Users\John\Documents\Visual Studio 2015\Projects\GTA_Menu\GTA_Menu\PS3_Debug\ps3ppuld.15012.write.1.tlog
C:\Users\John\Documents\Visual Studio 2015\Projects\GTA_Menu\GTA_Menu\PS3_Debug\ps3ppuld.15632.read.1.tlog
C:\Users\John\Documents\Visual Studio 2015\Projects\GTA_Menu\GTA_Menu\PS3_Debug\ps3ppuld.15632.write.1.tlog
C:\Users\John\Documents\Visual Studio 2015\Projects\GTA_Menu\GTA_Menu\PS3_Debug\ps3ppuld.15756.read.1.tlog
C:\Users\John\Documents\Visual Studio 2015\Projects\GTA_Menu\GTA_Menu\PS3_Debug\ps3ppuld.15756.write.1.tlog
C:\Users\John\Documents\Visual Studio 2015\Projects\GTA_Menu\GTA_Menu\PS3_Debug\ps3ppuld.15824.read.1.tlog
C:\Users\John\Documents\Visual Studio 2015\Projects\GTA_Menu\GTA_Menu\PS3_Debug\ps3ppuld.15824.write.1.tlog
C:\Users\John\Documents\Visual Studio 2015\Projects\GTA_Menu\GTA_Menu\PS3_Debug\ps3ppuld.1668.read.1.tlog
C:\Users\John\Documents\Visual Studio 2015\Projects\GTA_Menu\GTA_Menu\PS3_Debug\ps3ppuld.1668.write.1.tlog
C:\Users\John\Documents\Visual Studio 2015\Projects\GTA_Menu\GTA_Menu\PS3_Debug\ps3ppuld.16920.read.1.tlog
C:\Users\John\Documents\Visual Studio 2015\Projects\GTA_Menu\GTA_Menu\PS3_Debug\ps3ppuld.16920.write.1.tlog
C:\Users\John\Documents\Visual Studio 2015\Projects\GTA_Menu\GTA_Menu\PS3_Debug\ps3ppuld.17492.read.1.tlog
C:\Users\John\Documents\Visual Studio 2015\Projects\GTA_Menu\GTA_Menu\PS3_Debug\ps3ppuld.17492.write.1.tlog
C:\Users\John\Documents\Visual Studio 2015\Projects\GTA_Menu\GTA_Menu\PS3_Debug\ps3ppuld.17652.read.1.tlog
C:\Users\John\Documents\Visual Studio 2015\Projects\GTA_Menu\GTA_Menu\PS3_Debug\ps3ppuld.17652.write.1.tlog
C:\Users\John\Documents\Visual Studio 2015\Projects\GTA_Menu\GTA_Menu\PS3_Debug\ps3ppuld.17704.read.1.tlog
C:\Users\John\Documents\Visual Studio 2015\Projects\GTA_Menu\GTA_Menu\PS3_Debug\ps3ppuld.17704.write.1.tlog
C:\Users\John\Documents\Visual Studio 2015\Projects\GTA_Menu\GTA_Menu\PS3_Debug\ps3ppuld.17940.read.1.tlog
C:\Users\John\Documents\Visual Studio 2015\Projects\GTA_Menu\GTA_Menu\PS3_Debug\ps3ppuld.17940.write.1.tlog
C:\Users\John\Documents\Visual Studio 2015\Projects\GTA_Menu\GTA_Menu\PS3_Debug\ps3ppuld.18144.read.1.tlog
C:\Users\John\Documents\Visual Studio 2015\Projects\GTA_Menu\GTA_Menu\PS3_Debug\ps3ppuld.18144.write.1.tlog
C:\Users\John\Documents\Visual Studio 2015\Projects\GTA_Menu\GTA_Menu\PS3_Debug\ps3ppuld.18176.read.1.tlog
C:\Users\John\Documents\Visual Studio 2015\Projects\GTA_Menu\GTA_Menu\PS3_Debug\ps3ppuld.18176.write.1.tlog
C:\Users\John\Documents\Visual Studio 2015\Projects\GTA_Menu\GTA_Menu\PS3_Debug\ps3ppuld.18736.read.1.tlog
C:\Users\John\Documents\Visual Studio 2015\Projects\GTA_Menu\GTA_Menu\PS3_Debug\ps3ppuld.18736.write.1.tlog
C:\Users\John\Documents\Visual Studio 2015\Projects\GTA_Menu\GTA_Menu\PS3_Debug\ps3ppuld.19648.read.1.tlog
C:\Users\John\Documents\Visual Studio 2015\Projects\GTA_Menu\GTA_Menu\PS3_Debug\ps3ppuld.19648.write.1.tlog
C:\Users\John\Documents\Visual Studio 2015\Projects\GTA_Menu\GTA_Menu\PS3_Debug\ps3ppuld.21024.read.1.tlog
C:\Users\John\Documents\Visual Studio 2015\Projects\GTA_Menu\GTA_Menu\PS3_Debug\ps3ppuld.21024.write.1.tlog
C:\Users\John\Documents\Visual Studio 2015\Projects\GTA_Menu\GTA_Menu\PS3_Debug\ps3ppuld.22252.read.1.tlog
C:\Users\John\Documents\Visual Studio 2015\Projects\GTA_Menu\GTA_Menu\PS3_Debug\ps3ppuld.22252.write.1.tlog
C:\Users\John\Documents\Visual Studio 2015\Projects\GTA_Menu\GTA_Menu\PS3_Debug\ps3ppuld.2292.read.1.tlog
C:\Users\John\Documents\Visual Studio 2015\Projects\GTA_Menu\GTA_Menu\PS3_Debug\ps3ppuld.2292.write.1.tlog
C:\Users\John\Documents\Visual Studio 2015\Projects\GTA_Menu\GTA_Menu\PS3_Debug\ps3ppuld.23660.read.1.tlog
C:\Users\John\Documents\Visual Studio 2015\Projects\GTA_Menu\GTA_Menu\PS3_Debug\ps3ppuld.23660.write.1.tlog
C:\Users\John\Documents\Visual Studio 2015\Projects\GTA_Menu\GTA_Menu\PS3_Debug\ps3ppuld.23812.read.1.tlog
C:\Users\John\Documents\Visual Studio 2015\Projects\GTA_Menu\GTA_Menu\PS3_Debug\ps3ppuld.23812.write.1.tlog
C:\Users\John\Documents\Visual Studio 2015\Projects\GTA_Menu\GTA_Menu\PS3_Debug\ps3ppuld.23956.read.1.tlog
C:\Users\John\Documents\Visual Studio 2015\Projects\GTA_Menu\GTA_Menu\PS3_Debug\ps3ppuld.23956.write.1.tlog
C:\Users\John\Documents\Visual Studio 2015\Projects\GTA_Menu\GTA_Menu\PS3_Debug\ps3ppuld.25004.read.1.tlog
C:\Users\John\Documents\Visual Studio 2015\Projects\GTA_Menu\GTA_Menu\PS3_Debug\ps3ppuld.25004.write.1.tlog
C:\Users\John\Documents\Visual Studio 2015\Projects\GTA_Menu\GTA_Menu\PS3_Debug\ps3ppuld.25284.read.1.tlog
C:\Users\John\Documents\Visual Studio 2015\Projects\GTA_Menu\GTA_Menu\PS3_Debug\ps3ppuld.25284.write.1.tlog
C:\Users\John\Documents\Visual Studio 2015\Projects\GTA_Menu\GTA_Menu\PS3_Debug\ps3ppuld.25976.read.1.tlog
C:\Users\John\Documents\Visual Studio 2015\Projects\GTA_Menu\GTA_Menu\PS3_Debug\ps3ppuld.25976.write.1.tlog
C:\Users\John\Documents\Visual Studio 2015\Projects\GTA_Menu\GTA_Menu\PS3_Debug\ps3ppuld.2660.read.1.tlog
C:\Users\John\Documents\Visual Studio 2015\Projects\GTA_Menu\GTA_Menu\PS3_Debug\ps3ppuld.2660.write.1.tlog
C:\Users\John\Documents\Visual Studio 2015\Projects\GTA_Menu\GTA_Menu\PS3_Debug\ps3ppuld.4208.read.1.tlog
C:\Users\John\Documents\Visual Studio 2015\Projects\GTA_Menu\GTA_Menu\PS3_Debug\ps3ppuld.4208.write.1.tlog
C:\Users\John\Documents\Visual Studio 2015\Projects\GTA_Menu\GTA_Menu\PS3_Debug\ps3ppuld.5368.read.1.tlog
C:\Users\John\Documents\Visual Studio 2015\Projects\GTA_Menu\GTA_Menu\PS3_Debug\ps3ppuld.5368.write.1.tlog
C:\Users\John\Documents\Visual Studio 2015\Projects\GTA_Menu\GTA_Menu\PS3_Debug\ps3ppuld.6332.read.1.tlog
C:\Users\John\Documents\Visual Studio 2015\Projects\GTA_Menu\GTA_Menu\PS3_Debug\ps3ppuld.6332.write.1.tlog
C:\Users\John\Documents\Visual Studio 2015\Projects\GTA_Menu\GTA_Menu\PS3_Debug\ps3ppuld.7396.read.1.tlog
C:\Users\John\Documents\Visual Studio 2015\Projects\GTA_Menu\GTA_Menu\PS3_Debug\ps3ppuld.7396.write.1.tlog
C:\Users\John\Documents\Visual Studio 2015\Projects\GTA_Menu\GTA_Menu\PS3_Debug\ps3ppuld.7640.read.1.tlog
C:\Users\John\Documents\Visual Studio 2015\Projects\GTA_Menu\GTA_Menu\PS3_Debug\ps3ppuld.7640.write.1.tlog
C:\Users\John\Documents\Visual Studio 2015\Projects\GTA_Menu\GTA_Menu\PS3_Debug\ps3ppuld.7812.read.1.tlog
C:\Users\John\Documents\Visual Studio 2015\Projects\GTA_Menu\GTA_Menu\PS3_Debug\ps3ppuld.7812.write.1.tlog
C:\Users\John\Documents\Visual Studio 2015\Projects\GTA_Menu\GTA_Menu\PS3_Debug\ps3ppuld.8808.read.1.tlog
C:\Users\John\Documents\Visual Studio 2015\Projects\GTA_Menu\GTA_Menu\PS3_Debug\ps3ppuld.8808.write.1.tlog
C:\Users\John\Documents\Visual Studio 2015\Projects\GTA_Menu\GTA_Menu\PS3_Debug\ps3ppuld.8980.read.1.tlog
C:\Users\John\Documents\Visual Studio 2015\Projects\GTA_Menu\GTA_Menu\PS3_Debug\ps3ppuld.8980.write.1.tlog
C:\Users\John\Documents\Visual Studio 2015\Projects\GTA_Menu\GTA_Menu\PS3_Debug\ps3ppuld.9268.read.1.tlog
C:\Users\John\Documents\Visual Studio 2015\Projects\GTA_Menu\GTA_Menu\PS3_Debug\ps3ppuld.9268.write.1.tlog
C:\Users\John\Documents\Visual Studio 2015\Projects\GTA_Menu\GTA_Menu\PS3_Debug\ps3ppuld.9588.read.1.tlog
C:\Users\John\Documents\Visual Studio 2015\Projects\GTA_Menu\GTA_Menu\PS3_Debug\ps3ppuld.9588.write.1.tlog
C:\Users\John\Documents\Visual Studio 2015\Projects\GTA_Menu\GTA_Menu\PS3_Debug\ps3ppuld.command.1.tlog
C:\Users\John\Documents\Visual Studio 2015\Projects\GTA_Menu\GTA_Menu\PS3_Debug\ps3ppuld.read.1.tlog
C:\Users\John\Documents\Visual Studio 2015\Projects\GTA_Menu\GTA_Menu\PS3_Debug\ps3ppuld.write.1.tlog
C:\Users\John\Documents\Visual Studio 2015\Projects\GTA_Menu\GTA_Menu\PS3_Debug\ps3ppuld-make_fself.read.1.tlog
C:\Users\John\Documents\Visual Studio 2015\Projects\GTA_Menu\GTA_Menu\PS3_Debug\ps3ppuld-make_fself.write.1.tlog
C:\Users\John\Documents\Visual Studio 2015\Projects\GTA_Menu\GTA_Menu\PS3_Debug\ps3ppuld-ppu-lv2-as.read.1.tlog
C:\Users\John\Documents\Visual Studio 2015\Projects\GTA_Menu\GTA_Menu\PS3_Debug\ps3ppuld-ppu-lv2-as.write.1.tlog
C:\Users\John\Documents\Visual Studio 2015\Projects\GTA_Menu\GTA_Menu\PS3_Debug\ps3ppuld-ppu-lv2-prx-fixup.read.1.tlog
C:\Users\John\Documents\Visual Studio 2015\Projects\GTA_Menu\GTA_Menu\PS3_Debug\ps3ppuld-ppu-lv2-prx-fixup.write.1.tlog
C:\Users\John\Documents\Visual Studio 2015\Projects\GTA_Menu\GTA_Menu\PS3_Debug\ps3ppuld-ppu-lv2-prx-libgen.read.1.tlog
C:\Users\John\Documents\Visual Studio 2015\Projects\GTA_Menu\GTA_Menu\PS3_Debug\ps3ppusnc.command.1.tlog
C:\Users\John\Documents\Visual Studio 2015\Projects\GTA_Menu\GTA_Menu\PS3_Debug\ps3ppusnc.read.1.tlog
C:\Users\John\Documents\Visual Studio 2015\Projects\GTA_Menu\GTA_Menu\PS3_Debug\ps3ppusnc.write.1.tlog
C:\USERS\JOHN\DOCUMENTS\VISUAL STUDIO 2015\PROJECTS\GTA_MENU\GTA_MENU\PS3_DEBUG\STRINGS.O
C:\USERS\JOHN\DOCUMENTS\VISUAL STUDIO 2015\PROJECTS\GTA_MENU\GTA_MENU\PS3_DEBUG\UTILS.O
C:\Users\John\Documents\Visual Studio 2015\Projects\GTA_Menu\PS3_Debug\cellPrx_GTA_Menu_stub.a
C:\USERS\JOHN\DOCUMENTS\VISUAL STUDIO 2015\PROJECTS\GTA_MENU\PS3_DEBUG\GTA.SPRX
