C:\USERS\JOHN\APPDATA\LOCAL\TEMP\PS3PPULD129762\GTA_MENU
C:\USERS\JOHN\APPDATA\LOCAL\TEMP\PS3PPULD129762\LIB.ENT.O
c:\Users\John\documents\visual studio 2015\Projects\GTA_Menu\GTA_Menu\PS3_Debug\GTA_Menu.write.1.tlog
C:\USERS\JOHN\DOCUMENTS\VISUAL STUDIO 2015\PROJECTS\GTA_MENU\GTA_MENU\PS3_DEBUG\HUDS.O
C:\USERS\JOHN\DOCUMENTS\VISUAL STUDIO 2015\PROJECTS\GTA_MENU\GTA_MENU\PS3_DEBUG\INVOKER.O
C:\USERS\JOHN\DOCUMENTS\VISUAL STUDIO 2015\PROJECTS\GTA_MENU\GTA_MENU\PS3_DEBUG\NATIVES.O
C:\USERS\JOHN\DOCUMENTS\VISUAL STUDIO 2015\PROJECTS\GTA_MENU\GTA_MENU\PS3_DEBUG\PRX.O
c:\Users\John\documents\visual studio 2015\Projects\GTA_Menu\GTA_Menu\PS3_Debug\ps3ppuld.14288.read.1.tlog
c:\Users\John\documents\visual studio 2015\Projects\GTA_Menu\GTA_Menu\PS3_Debug\ps3ppuld.14288.write.1.tlog
c:\Users\John\documents\visual studio 2015\Projects\GTA_Menu\GTA_Menu\PS3_Debug\ps3ppuld.command.1.tlog
c:\Users\John\documents\visual studio 2015\Projects\GTA_Menu\GTA_Menu\PS3_Debug\ps3ppuld.read.1.tlog
c:\Users\John\documents\visual studio 2015\Projects\GTA_Menu\GTA_Menu\PS3_Debug\ps3ppuld.write.1.tlog
c:\Users\John\documents\visual studio 2015\Projects\GTA_Menu\GTA_Menu\PS3_Debug\ps3ppuld-make_fself.read.1.tlog
c:\Users\John\documents\visual studio 2015\Projects\GTA_Menu\GTA_Menu\PS3_Debug\ps3ppuld-make_fself.write.1.tlog
c:\Users\John\documents\visual studio 2015\Projects\GTA_Menu\GTA_Menu\PS3_Debug\ps3ppuld-ppu-lv2-as.read.1.tlog
c:\Users\John\documents\visual studio 2015\Projects\GTA_Menu\GTA_Menu\PS3_Debug\ps3ppuld-ppu-lv2-as.write.1.tlog
c:\Users\John\documents\visual studio 2015\Projects\GTA_Menu\GTA_Menu\PS3_Debug\ps3ppuld-ppu-lv2-prx-fixup.read.1.tlog
c:\Users\John\documents\visual studio 2015\Projects\GTA_Menu\GTA_Menu\PS3_Debug\ps3ppuld-ppu-lv2-prx-fixup.write.1.tlog
c:\Users\John\documents\visual studio 2015\Projects\GTA_Menu\GTA_Menu\PS3_Debug\ps3ppuld-ppu-lv2-prx-libgen.read.1.tlog
c:\Users\John\documents\visual studio 2015\Projects\GTA_Menu\GTA_Menu\PS3_Debug\ps3ppusnc.command.1.tlog
c:\Users\John\documents\visual studio 2015\Projects\GTA_Menu\GTA_Menu\PS3_Debug\ps3ppusnc.read.1.tlog
c:\Users\John\documents\visual studio 2015\Projects\GTA_Menu\GTA_Menu\PS3_Debug\ps3ppusnc.write.1.tlog
C:\USERS\JOHN\DOCUMENTS\VISUAL STUDIO 2015\PROJECTS\GTA_MENU\GTA_MENU\PS3_DEBUG\UTILS.O
c:\Users\John\documents\visual studio 2015\Projects\GTA_Menu\PS3_Debug\cellPrx_GTA_Menu_stub.a
C:\USERS\JOHN\DOCUMENTS\VISUAL STUDIO 2015\PROJECTS\GTA_MENU\PS3_DEBUG\GTA_MENU.SPRX
